  main.cpp
C:\Users\thijs\Documents\Visual Studio 2022\Falling Colors\main.cpp(58,18): warning C4305: 'initializing': truncation from 'double' to 'float'
C:\Users\thijs\Documents\Visual Studio 2022\Falling Colors\main.cpp(104,49): warning C4244: 'argument': conversion from 'T' to 'float', possible loss of data
C:\Users\thijs\Documents\Visual Studio 2022\Falling Colors\main.cpp(104,49): warning C4244:         with
C:\Users\thijs\Documents\Visual Studio 2022\Falling Colors\main.cpp(104,49): warning C4244:         [
C:\Users\thijs\Documents\Visual Studio 2022\Falling Colors\main.cpp(104,49): warning C4244:             T=unsigned int
C:\Users\thijs\Documents\Visual Studio 2022\Falling Colors\main.cpp(104,49): warning C4244:         ]
C:\Users\thijs\Documents\Visual Studio 2022\Falling Colors\main.cpp(143,33): warning C4244: 'argument': conversion from 'int' to 'float', possible loss of data
  window.cpp
C:\Users\thijs\Documents\Visual Studio 2022\Falling Colors\window.cpp(93,42): warning C4244: 'argument': conversion from 'T' to 'float', possible loss of data
C:\Users\thijs\Documents\Visual Studio 2022\Falling Colors\window.cpp(93,42): warning C4244:         with
C:\Users\thijs\Documents\Visual Studio 2022\Falling Colors\window.cpp(93,42): warning C4244:         [
C:\Users\thijs\Documents\Visual Studio 2022\Falling Colors\window.cpp(93,42): warning C4244:             T=unsigned int
C:\Users\thijs\Documents\Visual Studio 2022\Falling Colors\window.cpp(93,42): warning C4244:         ]
C:\Users\thijs\Documents\Visual Studio 2022\Falling Colors\window.cpp(106,21): warning C4018: '<': signed/unsigned mismatch
C:\Users\thijs\Documents\Visual Studio 2022\Falling Colors\window.cpp(180,22): warning C4018: '<': signed/unsigned mismatch
  Generating code
  188 of 188 functions (100.0%) were compiled.
    182 functions were new in current compilation
    0 functions had inline decision re-evaluated but remain unchanged
  Finished generating code
  Falling Colors.vcxproj -> C:\Users\thijs\Documents\Visual Studio 2022\Falling Colors\Release\Falling Colors.exe
